<?xml version="1.0" encoding="UTF-8" ?>
<testsuite tests="18" failures="0" name="inf300.servico.BookstoreFunctionalTest" time="0.174" errors="0" skipped="0">
  <properties>
[...]
</properties>
  <testcase classname="inf300.servico.BookstoreFunctionalTest" name="testGetCustomer_int" time="0.003"/>
  <testcase classname="inf300.servico.BookstoreFunctionalTest" name="testGetCustomer_String" time="0"/>
  <testcase classname="inf300.servico.BookstoreFunctionalTest" name="testGetBooksByAuthor" time="0.001"/>
  <testcase classname="inf300.servico.BookstoreFunctionalTest" name="testGetBooksBySubject" time="0.001"/>
  <testcase classname="inf300.servico.BookstoreFunctionalTest" name="testAlwaysGetAddress" time="0"/>
  <testcase classname="inf300.servico.BookstoreFunctionalTest" name="testRefreshCustomerSession" time="0"/>
  <testcase classname="inf300.servico.BookstoreFunctionalTest" name="testGetBooksByTitle" time="0.028"/>
  <testcase classname="inf300.servico.BookstoreFunctionalTest" name="testGetNewBooksVersions" time="0.085"/>
  <testcase classname="inf300.servico.BookstoreFunctionalTest" name="testGetBook" time="0"/>
  <testcase classname="inf300.servico.BookstoreFunctionalTest" name="testCreateCustomer" time="0"/>
  <testcase classname="inf300.servico.BookstoreFunctionalTest" name="testIsPopulated" time="0.001"/>
  <testcase classname="inf300.servico.BookstoreFunctionalTest" name="testGetNewBooks" time="0.01"/>
  <testcase classname="inf300.servico.BookstoreFunctionalTest" name="testCancelOrder" time="0"/>
  <testcase classname="inf300.servico.BookstoreFunctionalTest" name="testUpdateBook" time="0.022"/>
  <testcase classname="inf300.servico.BookstoreFunctionalTest" name="testCartUpdate" time="0"/>
  <testcase classname="inf300.servico.BookstoreFunctionalTest" name="testConfirmBuy" time="0.001"/>
  <testcase classname="inf300.servico.BookstoreFunctionalTest" name="testGetCart" time="0.001"/>
  <testcase classname="inf300.servico.BookstoreFunctionalTest" name="testGetBestSellers" time="0.021"/>
</testsuite>